2023-10-17 20:53:06,786 INFO o.h.v.i.u.Version [background-preinit] HV000001: Hibernate Validator 8.0.0.Final
2023-10-17 20:53:06,809 INFO o.s.b.StartupInfoLogger [restartedMain] Starting FilmLibraryApplication using Java 19.0.2 with PID 23044 (D:\CODING\FilmLibrary\target\classes started by Stephen in D:\CODING\FilmLibrary)
2023-10-17 20:53:06,811 INFO o.s.b.SpringApplication [restartedMain] The following 1 profile is active: "dev"
2023-10-17 20:53:06,962 INFO o.s.b.l.DeferredLog [restartedMain] Devtools property defaults active! Set 'spring.devtools.add-properties' to 'false' to disable
2023-10-17 20:53:06,962 INFO o.s.b.l.DeferredLog [restartedMain] For additional web related logging consider setting the 'logging.level.web' property to 'DEBUG'
2023-10-17 20:53:07,553 INFO o.s.d.r.c.RepositoryConfigurationDelegate [restartedMain] Bootstrapping Spring Data JPA repositories in DEFAULT mode.
2023-10-17 20:53:07,598 INFO o.s.d.r.c.RepositoryConfigurationDelegate [restartedMain] Finished Spring Data repository scanning in 40 ms. Found 4 JPA repository interfaces.
2023-10-17 20:53:07,977 INFO o.s.b.w.e.t.TomcatWebServer [restartedMain] Tomcat initialized with port(s): 8081 (http)
2023-10-17 20:53:07,982 INFO o.a.j.l.DirectJDKLog [restartedMain] Initializing ProtocolHandler ["http-nio-8081"]
2023-10-17 20:53:07,983 INFO o.a.j.l.DirectJDKLog [restartedMain] Starting service [Tomcat]
2023-10-17 20:53:07,983 INFO o.a.j.l.DirectJDKLog [restartedMain] Starting Servlet engine: [Apache Tomcat/10.1.7]
2023-10-17 20:53:08,054 INFO o.a.j.l.DirectJDKLog [restartedMain] Initializing Spring embedded WebApplicationContext
2023-10-17 20:53:08,054 INFO o.s.b.w.s.c.ServletWebServerApplicationContext [restartedMain] Root WebApplicationContext: initialization completed in 1092 ms
2023-10-17 20:53:08,168 INFO o.h.j.i.u.LogHelper [restartedMain] HHH000204: Processing PersistenceUnitInfo [name: default]
2023-10-17 20:53:08,214 INFO o.h.Version [restartedMain] HHH000412: Hibernate ORM core version 6.1.7.Final
2023-10-17 20:53:08,419 INFO c.z.h.HikariDataSource [restartedMain] HikariPool-1 - Starting...
2023-10-17 20:53:08,529 INFO c.z.h.p.HikariPool [restartedMain] HikariPool-1 - Added connection org.postgresql.jdbc.PgConnection@104a9cb6
2023-10-17 20:53:08,530 INFO c.z.h.HikariDataSource [restartedMain] HikariPool-1 - Start completed.
2023-10-17 20:53:08,561 INFO o.h.e.j.d.i.DialectFactoryImpl [restartedMain] HHH000400: Using dialect: org.hibernate.dialect.PostgreSQLDialect
2023-10-17 20:53:08,672 WARN o.h.b.i.InFlightMetadataCollectorImpl [restartedMain] HHH000069: Duplicate generator name default_generator
2023-10-17 20:53:08,677 WARN o.h.b.i.InFlightMetadataCollectorImpl [restartedMain] HHH000069: Duplicate generator name default_generator
2023-10-17 20:53:08,682 WARN o.h.b.i.InFlightMetadataCollectorImpl [restartedMain] HHH000069: Duplicate generator name default_generator
2023-10-17 20:53:09,326 INFO o.h.e.t.j.p.i.JtaPlatformInitiator [restartedMain] HHH000490: Using JtaPlatform implementation: [org.hibernate.engine.transaction.jta.platform.internal.NoJtaPlatform]
2023-10-17 20:53:09,334 INFO o.s.o.j.AbstractEntityManagerFactoryBean [restartedMain] Initialized JPA EntityManagerFactory for persistence unit 'default'
2023-10-17 20:53:10,267 WARN o.s.b.a.o.j.JpaBaseConfiguration$JpaWebConfiguration [restartedMain] spring.jpa.open-in-view is enabled by default. Therefore, database queries may be performed during view rendering. Explicitly configure spring.jpa.open-in-view to disable this warning
2023-10-17 20:53:10,332 INFO o.s.b.a.w.s.WelcomePageHandlerMapping [restartedMain] Adding welcome page template: index
2023-10-17 20:53:10,839 INFO o.s.s.w.DefaultSecurityFilterChain [restartedMain] Will secure any request with [org.springframework.security.web.session.DisableEncodeUrlFilter@372e1cac, org.springframework.security.web.context.request.async.WebAsyncManagerIntegrationFilter@3a40a660, org.springframework.security.web.context.SecurityContextHolderFilter@36cae417, org.springframework.security.web.header.HeaderWriterFilter@593e972f, org.springframework.security.web.authentication.logout.LogoutFilter@57028379, org.springframework.security.web.authentication.UsernamePasswordAuthenticationFilter@62a4d895, org.springframework.security.web.savedrequest.RequestCacheAwareFilter@9daaf46, org.springframework.security.web.servletapi.SecurityContextHolderAwareRequestFilter@997766f, org.springframework.security.web.authentication.AnonymousAuthenticationFilter@7ee4a1cd, org.springframework.security.web.access.ExceptionTranslationFilter@12883ce7, org.springframework.security.web.access.intercept.AuthorizationFilter@4a98ef76]
2023-10-17 20:53:11,052 INFO o.s.b.d.a.OptionalLiveReloadServer [restartedMain] LiveReload server is running on port 35729
2023-10-17 20:53:11,066 INFO o.a.j.l.DirectJDKLog [restartedMain] Starting ProtocolHandler ["http-nio-8081"]
2023-10-17 20:53:11,082 INFO o.s.b.w.e.t.TomcatWebServer [restartedMain] Tomcat started on port(s): 8081 (http) with context path ''
2023-10-17 20:53:11,092 INFO o.s.b.StartupInfoLogger [restartedMain] Started FilmLibraryApplication in 4.491 seconds (process running for 5.271)
2023-10-17 20:54:00,008 INFO r.s.f.l.c.ReturnScheduler [scheduling-1] Запуск планировщика по проверки должников....
2023-10-17 20:54:13,774 INFO o.s.o.j.AbstractEntityManagerFactoryBean [SpringApplicationShutdownHook] Closing JPA EntityManagerFactory for persistence unit 'default'
2023-10-17 20:54:13,775 INFO o.h.t.s.i.SchemaDropperImpl$DelayedDropActionImpl [SpringApplicationShutdownHook] HHH000477: Starting delayed evictData of schema as part of SessionFactory shut-down'
2023-10-17 20:54:13,830 INFO c.z.h.HikariDataSource [SpringApplicationShutdownHook] HikariPool-1 - Shutdown initiated...
2023-10-17 20:54:13,832 INFO c.z.h.HikariDataSource [SpringApplicationShutdownHook] HikariPool-1 - Shutdown completed.
